Fri Oct 12 2018 19:59:36 GMT+0530 (India Standard Time): GET /
Fri Oct 12 2018 19:59:43 GMT+0530 (India Standard Time): GET /about
Fri Oct 12 2018 20:07:37 GMT+0530 (India Standard Time): GET /about
Fri Oct 12 2018 20:07:41 GMT+0530 (India Standard Time): GET /
Fri Oct 12 2018 20:12:01 GMT+0530 (India Standard Time): GET /
Fri Oct 12 2018 20:12:04 GMT+0530 (India Standard Time): GET /about
Fri Oct 12 2018 20:13:21 GMT+0530 (India Standard Time): GET /
Fri Oct 12 2018 20:13:23 GMT+0530 (India Standard Time): GET /about
Fri Oct 12 2018 20:13:32 GMT+0530 (India Standard Time): GET /game
Fri Oct 12 2018 20:13:32 GMT+0530 (India Standard Time): GET /style.css
Fri Oct 12 2018 20:20:26 GMT+0530 (India Standard Time): GET /game
Fri Oct 12 2018 20:20:26 GMT+0530 (India Standard Time): GET /css/style.css
Fri Oct 12 2018 20:20:30 GMT+0530 (India Standard Time): GET /
Fri Oct 12 2018 20:21:10 GMT+0530 (India Standard Time): GET /game
Fri Oct 12 2018 20:21:10 GMT+0530 (India Standard Time): GET /public/css/style.css
Fri Oct 12 2018 20:22:49 GMT+0530 (India Standard Time): GET /game
Fri Oct 12 2018 20:22:49 GMT+0530 (India Standard Time): GET /css/style.css
Fri Oct 12 2018 20:22:50 GMT+0530 (India Standard Time): GET /game
Fri Oct 12 2018 20:22:50 GMT+0530 (India Standard Time): GET /css/style.css
Fri Oct 12 2018 20:24:37 GMT+0530 (India Standard Time): GET /game
Fri Oct 12 2018 20:24:37 GMT+0530 (India Standard Time): GET /css/style.css
Fri Oct 12 2018 20:24:39 GMT+0530 (India Standard Time): GET /game
Fri Oct 12 2018 20:24:39 GMT+0530 (India Standard Time): GET /css/style.css
Fri Oct 12 2018 20:24:40 GMT+0530 (India Standard Time): GET /game
Fri Oct 12 2018 20:24:40 GMT+0530 (India Standard Time): GET /css/style.css
Fri Oct 12 2018 20:25:57 GMT+0530 (India Standard Time): GET /game
Fri Oct 12 2018 20:26:06 GMT+0530 (India Standard Time): GET /about
Fri Oct 12 2018 20:26:09 GMT+0530 (India Standard Time): GET /
Fri Oct 12 2018 20:26:10 GMT+0530 (India Standard Time): GET /about
Fri Oct 12 2018 20:26:13 GMT+0530 (India Standard Time): GET /game
Fri Oct 12 2018 22:29:34 GMT+0530 (India Standard Time): GET /
Fri Oct 12 2018 22:49:36 GMT+0530 (India Standard Time): GET /game
Fri Oct 12 2018 22:49:39 GMT+0530 (India Standard Time): GET /
Fri Oct 12 2018 22:49:56 GMT+0530 (India Standard Time): GET /
Fri Oct 12 2018 22:49:59 GMT+0530 (India Standard Time): GET /
Fri Oct 12 2018 22:50:20 GMT+0530 (India Standard Time): GET /
Fri Oct 12 2018 22:50:22 GMT+0530 (India Standard Time): GET /game
